<?xml version="1.0" encoding="UTF-8"?>
<coverage generated="1659975334172" clover="3.2.0">
  <project timestamp="1659975334173" name="All files">
    <metrics statements="103" coveredstatements="103" conditionals="62" coveredconditionals="58" methods="11" coveredmethods="11" elements="176" coveredelements="172" complexity="0" loc="103" ncloc="103" packages="1" files="1" classes="1"/>
    <file name="lodash.js" path="C:\Users\user\Desktop\khakimbekerkinboev-JSFEEN2022\methods\lodash.js">
      <metrics statements="103" coveredstatements="103" conditionals="62" coveredconditionals="58" methods="11" coveredmethods="11"/>
      <line num="1" count="10" type="stmt"/>
      <line num="4" count="8" type="stmt"/>
      <line num="6" count="8" type="cond" truecount="2" falsecount="0"/>
      <line num="10" count="8" type="stmt"/>
      <line num="12" count="8" type="stmt"/>
      <line num="13" count="23" type="stmt"/>
      <line num="15" count="23" type="cond" truecount="4" falsecount="0"/>
      <line num="16" count="4" type="stmt"/>
      <line num="17" count="6" type="stmt"/>
      <line num="18" count="6" type="stmt"/>
      <line num="21" count="19" type="stmt"/>
      <line num="22" count="30" type="stmt"/>
      <line num="23" count="30" type="stmt"/>
      <line num="27" count="23" type="stmt"/>
      <line num="30" count="8" type="stmt"/>
      <line num="35" count="3" type="stmt"/>
      <line num="36" count="3" type="stmt"/>
      <line num="37" count="32" type="cond" truecount="2" falsecount="0"/>
      <line num="38" count="22" type="stmt"/>
      <line num="41" count="3" type="stmt"/>
      <line num="46" count="7" type="stmt"/>
      <line num="48" count="7" type="stmt"/>
      <line num="49" count="31" type="stmt"/>
      <line num="52" count="7" type="stmt"/>
      <line num="57" count="11" type="stmt"/>
      <line num="58" count="11" type="cond" truecount="1" falsecount="1"/>
      <line num="59" count="11" type="stmt"/>
      <line num="60" count="54" type="cond" truecount="2" falsecount="0"/>
      <line num="61" count="9" type="stmt"/>
      <line num="62" count="34" type="stmt"/>
      <line num="64" count="9" type="stmt"/>
      <line num="69" count="11" type="stmt"/>
      <line num="74" count="16" type="stmt"/>
      <line num="79" count="5" type="stmt"/>
      <line num="81" count="5" type="stmt"/>
      <line num="82" count="10" type="cond" truecount="2" falsecount="0"/>
      <line num="85" count="5" type="stmt"/>
      <line num="90" count="5" type="stmt"/>
      <line num="92" count="5" type="cond" truecount="1" falsecount="1"/>
      <line num="93" count="5" type="stmt"/>
      <line num="94" count="31" type="cond" truecount="2" falsecount="0"/>
      <line num="98" count="5" type="stmt"/>
      <line num="105" count="6" type="cond" truecount="1" falsecount="1"/>
      <line num="106" count="6" type="stmt"/>
      <line num="107" count="14" type="cond" truecount="2" falsecount="0"/>
      <line num="108" count="5" type="stmt"/>
      <line num="109" count="5" type="stmt"/>
      <line num="114" count="6" type="stmt"/>
      <line num="119" count="8" type="cond" truecount="4" falsecount="0"/>
      <line num="120" count="2" type="stmt"/>
      <line num="122" count="2" type="stmt"/>
      <line num="123" count="26" type="cond" truecount="2" falsecount="0"/>
      <line num="124" count="4" type="stmt"/>
      <line num="126" count="4" type="stmt"/>
      <line num="127" count="26" type="stmt"/>
      <line num="130" count="4" type="cond" truecount="2" falsecount="0"/>
      <line num="131" count="1" type="stmt"/>
      <line num="136" count="2" type="stmt"/>
      <line num="137" count="6" type="cond" truecount="4" falsecount="0"/>
      <line num="138" count="3" type="stmt"/>
      <line num="140" count="3" type="stmt"/>
      <line num="141" count="7" type="cond" truecount="2" falsecount="0"/>
      <line num="142" count="1" type="stmt"/>
      <line num="146" count="3" type="stmt"/>
      <line num="147" count="3" type="cond" truecount="2" falsecount="0"/>
      <line num="152" count="2" type="stmt"/>
      <line num="153" count="2" type="stmt"/>
      <line num="155" count="2" type="stmt"/>
      <line num="156" count="4" type="cond" truecount="2" falsecount="0"/>
      <line num="157" count="1" type="stmt"/>
      <line num="161" count="2" type="stmt"/>
      <line num="163" count="1" type="stmt"/>
      <line num="169" count="7" type="stmt"/>
      <line num="171" count="7" type="cond" truecount="2" falsecount="0"/>
      <line num="172" count="5" type="stmt"/>
      <line num="173" count="15" type="stmt"/>
      <line num="175" count="2" type="cond" truecount="3" falsecount="1"/>
      <line num="176" count="2" type="stmt"/>
      <line num="178" count="2" type="stmt"/>
      <line num="179" count="6" type="stmt"/>
      <line num="183" count="7" type="stmt"/>
      <line num="189" count="5" type="stmt"/>
      <line num="192" count="5" type="stmt"/>
      <line num="193" count="5" type="stmt"/>
      <line num="194" count="15" type="stmt"/>
      <line num="198" count="5" type="stmt"/>
      <line num="199" count="15" type="stmt"/>
      <line num="200" count="15" type="cond" truecount="2" falsecount="0"/>
      <line num="201" count="3" type="stmt"/>
      <line num="202" count="3" type="stmt"/>
      <line num="203" count="3" type="stmt"/>
      <line num="209" count="5" type="stmt"/>
      <line num="212" count="5" type="stmt"/>
      <line num="213" count="5" type="stmt"/>
      <line num="214" count="15" type="stmt"/>
      <line num="215" count="15" type="stmt"/>
      <line num="216" count="45" type="cond" truecount="2" falsecount="0"/>
      <line num="217" count="35" type="stmt"/>
      <line num="219" count="10" type="stmt"/>
      <line num="222" count="15" type="stmt"/>
      <line num="223" count="15" type="stmt"/>
      <line num="226" count="5" type="stmt"/>
      <line num="232" count="10" type="stmt"/>
    </file>
  </project>
</coverage>
