<?xml version="1.0" encoding="UTF-8"?>
<coverage generated="1659812323797" clover="3.2.0">
  <project timestamp="1659812323797" name="All files">
    <metrics statements="35" coveredstatements="35" conditionals="15" coveredconditionals="15" methods="5" coveredmethods="5" elements="55" coveredelements="55" complexity="0" loc="35" ncloc="35" packages="1" files="1" classes="1"/>
    <file name="lodash.js" path="C:\Users\user\Desktop\khakimbekerkinboev-JSFEEN2022\methods\lodash.js">
      <metrics statements="35" coveredstatements="35" conditionals="15" coveredconditionals="15" methods="5" coveredmethods="5"/>
      <line num="1" count="4" type="stmt"/>
      <line num="4" count="8" type="stmt"/>
      <line num="6" count="8" type="cond" truecount="2" falsecount="0"/>
      <line num="10" count="8" type="stmt"/>
      <line num="12" count="8" type="stmt"/>
      <line num="13" count="23" type="stmt"/>
      <line num="15" count="23" type="cond" truecount="4" falsecount="0"/>
      <line num="16" count="4" type="stmt"/>
      <line num="17" count="6" type="stmt"/>
      <line num="18" count="6" type="stmt"/>
      <line num="21" count="19" type="stmt"/>
      <line num="22" count="30" type="stmt"/>
      <line num="23" count="30" type="stmt"/>
      <line num="27" count="23" type="stmt"/>
      <line num="30" count="8" type="stmt"/>
      <line num="35" count="3" type="stmt"/>
      <line num="36" count="3" type="stmt"/>
      <line num="37" count="32" type="cond" truecount="2" falsecount="0"/>
      <line num="38" count="22" type="stmt"/>
      <line num="41" count="3" type="stmt"/>
      <line num="46" count="7" type="stmt"/>
      <line num="48" count="7" type="stmt"/>
      <line num="49" count="31" type="stmt"/>
      <line num="52" count="7" type="stmt"/>
      <line num="57" count="7" type="stmt"/>
      <line num="58" count="7" type="cond" truecount="2" falsecount="0"/>
      <line num="59" count="3" type="stmt"/>
      <line num="60" count="13" type="cond" truecount="2" falsecount="0"/>
      <line num="61" count="2" type="stmt"/>
      <line num="62" count="5" type="stmt"/>
      <line num="64" count="2" type="stmt"/>
      <line num="69" count="7" type="stmt"/>
      <line num="74" count="7" type="stmt"/>
      <line num="77" count="4" type="stmt"/>
      <line num="78" count="4" type="stmt"/>
    </file>
  </project>
</coverage>
