{"C:\\Users\\user\\Desktop\\khakimbekerkinboev-JSFEEN2022\\methods\\lodash.js": {"path":"C:\\Users\\user\\Desktop\\khakimbekerkinboev-JSFEEN2022\\methods\\lodash.js","statementMap":{"0":{"start":{"line":1,"column":10},"end":{"line":228,"column":1}},"1":{"start":{"line":4,"column":17},"end":{"line":4,"column":19}},"2":{"start":{"line":6,"column":6},"end":{"line":8,"column":45}},"3":{"start":{"line":10,"column":16},"end":{"line":10,"column":17}},"4":{"start":{"line":12,"column":4},"end":{"line":28,"column":5}},"5":{"start":{"line":12,"column":17},"end":{"line":12,"column":18}},"6":{"start":{"line":13,"column":21},"end":{"line":13,"column":23}},"7":{"start":{"line":15,"column":6},"end":{"line":25,"column":7}},"8":{"start":{"line":16,"column":8},"end":{"line":19,"column":9}},"9":{"start":{"line":16,"column":21},"end":{"line":16,"column":22}},"10":{"start":{"line":17,"column":10},"end":{"line":17,"column":46}},"11":{"start":{"line":18,"column":10},"end":{"line":18,"column":17}},"12":{"start":{"line":21,"column":8},"end":{"line":24,"column":9}},"13":{"start":{"line":21,"column":21},"end":{"line":21,"column":22}},"14":{"start":{"line":22,"column":10},"end":{"line":22,"column":46}},"15":{"start":{"line":23,"column":10},"end":{"line":23,"column":17}},"16":{"start":{"line":27,"column":6},"end":{"line":27,"column":36}},"17":{"start":{"line":30,"column":4},"end":{"line":30,"column":17}},"18":{"start":{"line":35,"column":17},"end":{"line":35,"column":19}},"19":{"start":{"line":36,"column":4},"end":{"line":40,"column":5}},"20":{"start":{"line":36,"column":17},"end":{"line":36,"column":18}},"21":{"start":{"line":37,"column":6},"end":{"line":39,"column":7}},"22":{"start":{"line":38,"column":8},"end":{"line":38,"column":40}},"23":{"start":{"line":41,"column":4},"end":{"line":41,"column":17}},"24":{"start":{"line":46,"column":17},"end":{"line":46,"column":19}},"25":{"start":{"line":48,"column":4},"end":{"line":50,"column":5}},"26":{"start":{"line":48,"column":17},"end":{"line":48,"column":18}},"27":{"start":{"line":49,"column":6},"end":{"line":49,"column":38}},"28":{"start":{"line":52,"column":4},"end":{"line":52,"column":17}},"29":{"start":{"line":57,"column":17},"end":{"line":57,"column":19}},"30":{"start":{"line":58,"column":4},"end":{"line":67,"column":5}},"31":{"start":{"line":59,"column":6},"end":{"line":66,"column":7}},"32":{"start":{"line":59,"column":19},"end":{"line":59,"column":20}},"33":{"start":{"line":60,"column":8},"end":{"line":65,"column":9}},"34":{"start":{"line":61,"column":10},"end":{"line":63,"column":11}},"35":{"start":{"line":61,"column":23},"end":{"line":61,"column":24}},"36":{"start":{"line":62,"column":12},"end":{"line":62,"column":44}},"37":{"start":{"line":64,"column":10},"end":{"line":64,"column":15}},"38":{"start":{"line":69,"column":4},"end":{"line":69,"column":17}},"39":{"start":{"line":74,"column":4},"end":{"line":74,"column":18}},"40":{"start":{"line":79,"column":17},"end":{"line":79,"column":19}},"41":{"start":{"line":81,"column":4},"end":{"line":83,"column":5}},"42":{"start":{"line":81,"column":17},"end":{"line":81,"column":18}},"43":{"start":{"line":82,"column":6},"end":{"line":82,"column":52}},"44":{"start":{"line":82,"column":20},"end":{"line":82,"column":52}},"45":{"start":{"line":85,"column":4},"end":{"line":85,"column":17}},"46":{"start":{"line":90,"column":17},"end":{"line":90,"column":19}},"47":{"start":{"line":92,"column":4},"end":{"line":96,"column":5}},"48":{"start":{"line":93,"column":6},"end":{"line":95,"column":7}},"49":{"start":{"line":93,"column":19},"end":{"line":93,"column":20}},"50":{"start":{"line":94,"column":8},"end":{"line":94,"column":65}},"51":{"start":{"line":94,"column":33},"end":{"line":94,"column":65}},"52":{"start":{"line":98,"column":4},"end":{"line":98,"column":17}},"53":{"start":{"line":105,"column":4},"end":{"line":112,"column":5}},"54":{"start":{"line":106,"column":6},"end":{"line":111,"column":7}},"55":{"start":{"line":106,"column":19},"end":{"line":106,"column":28}},"56":{"start":{"line":107,"column":8},"end":{"line":110,"column":9}},"57":{"start":{"line":108,"column":10},"end":{"line":108,"column":27}},"58":{"start":{"line":109,"column":10},"end":{"line":109,"column":15}},"59":{"start":{"line":114,"column":4},"end":{"line":114,"column":17}},"60":{"start":{"line":119,"column":4},"end":{"line":164,"column":5}},"61":{"start":{"line":120,"column":17},"end":{"line":120,"column":22}},"62":{"start":{"line":122,"column":6},"end":{"line":134,"column":7}},"63":{"start":{"line":122,"column":19},"end":{"line":122,"column":28}},"64":{"start":{"line":123,"column":8},"end":{"line":133,"column":9}},"65":{"start":{"line":124,"column":26},"end":{"line":124,"column":28}},"66":{"start":{"line":126,"column":10},"end":{"line":128,"column":11}},"67":{"start":{"line":126,"column":23},"end":{"line":126,"column":24}},"68":{"start":{"line":127,"column":12},"end":{"line":127,"column":38}},"69":{"start":{"line":130,"column":10},"end":{"line":132,"column":11}},"70":{"start":{"line":131,"column":12},"end":{"line":131,"column":23}},"71":{"start":{"line":136,"column":6},"end":{"line":136,"column":17}},"72":{"start":{"line":137,"column":11},"end":{"line":164,"column":5}},"73":{"start":{"line":138,"column":17},"end":{"line":138,"column":22}},"74":{"start":{"line":140,"column":6},"end":{"line":144,"column":7}},"75":{"start":{"line":140,"column":19},"end":{"line":140,"column":28}},"76":{"start":{"line":141,"column":8},"end":{"line":143,"column":9}},"77":{"start":{"line":142,"column":10},"end":{"line":142,"column":21}},"78":{"start":{"line":146,"column":6},"end":{"line":146,"column":17}},"79":{"start":{"line":147,"column":11},"end":{"line":164,"column":5}},"80":{"start":{"line":152,"column":17},"end":{"line":152,"column":22}},"81":{"start":{"line":153,"column":26},"end":{"line":153,"column":51}},"82":{"start":{"line":155,"column":6},"end":{"line":159,"column":7}},"83":{"start":{"line":155,"column":19},"end":{"line":155,"column":28}},"84":{"start":{"line":156,"column":8},"end":{"line":158,"column":9}},"85":{"start":{"line":157,"column":10},"end":{"line":157,"column":21}},"86":{"start":{"line":161,"column":6},"end":{"line":161,"column":17}},"87":{"start":{"line":163,"column":6},"end":{"line":163,"column":12}},"88":{"start":{"line":169,"column":17},"end":{"line":169,"column":19}},"89":{"start":{"line":171,"column":4},"end":{"line":181,"column":5}},"90":{"start":{"line":172,"column":6},"end":{"line":174,"column":7}},"91":{"start":{"line":172,"column":19},"end":{"line":172,"column":20}},"92":{"start":{"line":173,"column":8},"end":{"line":173,"column":55}},"93":{"start":{"line":175,"column":11},"end":{"line":181,"column":5}},"94":{"start":{"line":176,"column":26},"end":{"line":176,"column":51}},"95":{"start":{"line":178,"column":6},"end":{"line":180,"column":7}},"96":{"start":{"line":178,"column":19},"end":{"line":178,"column":20}},"97":{"start":{"line":179,"column":8},"end":{"line":179,"column":56}},"98":{"start":{"line":183,"column":4},"end":{"line":183,"column":17}},"99":{"start":{"line":189,"column":17},"end":{"line":189,"column":19}},"100":{"start":{"line":192,"column":23},"end":{"line":192,"column":25}},"101":{"start":{"line":193,"column":4},"end":{"line":195,"column":5}},"102":{"start":{"line":193,"column":17},"end":{"line":193,"column":18}},"103":{"start":{"line":194,"column":6},"end":{"line":194,"column":56}},"104":{"start":{"line":198,"column":4},"end":{"line":206,"column":5}},"105":{"start":{"line":198,"column":17},"end":{"line":198,"column":18}},"106":{"start":{"line":199,"column":6},"end":{"line":205,"column":7}},"107":{"start":{"line":199,"column":19},"end":{"line":199,"column":24}},"108":{"start":{"line":200,"column":8},"end":{"line":204,"column":9}},"109":{"start":{"line":201,"column":21},"end":{"line":201,"column":36}},"110":{"start":{"line":202,"column":10},"end":{"line":202,"column":43}},"111":{"start":{"line":203,"column":10},"end":{"line":203,"column":32}},"112":{"start":{"line":209,"column":29},"end":{"line":209,"column":44}},"113":{"start":{"line":212,"column":23},"end":{"line":212,"column":24}},"114":{"start":{"line":213,"column":4},"end":{"line":224,"column":5}},"115":{"start":{"line":213,"column":17},"end":{"line":213,"column":18}},"116":{"start":{"line":214,"column":19},"end":{"line":214,"column":21}},"117":{"start":{"line":215,"column":6},"end":{"line":221,"column":7}},"118":{"start":{"line":215,"column":19},"end":{"line":215,"column":20}},"119":{"start":{"line":216,"column":8},"end":{"line":220,"column":9}},"120":{"start":{"line":217,"column":10},"end":{"line":217,"column":55}},"121":{"start":{"line":219,"column":10},"end":{"line":219,"column":38}},"122":{"start":{"line":222,"column":6},"end":{"line":222,"column":36}},"123":{"start":{"line":223,"column":6},"end":{"line":223,"column":20}},"124":{"start":{"line":226,"column":4},"end":{"line":226,"column":17}},"125":{"start":{"line":232,"column":0},"end":{"line":232,"column":18}}},"fnMap":{"0":{"name":"(anonymous_0)","decl":{"start":{"line":3,"column":9},"end":{"line":3,"column":10}},"loc":{"start":{"line":3,"column":30},"end":{"line":31,"column":3}},"line":3},"1":{"name":"(anonymous_1)","decl":{"start":{"line":34,"column":11},"end":{"line":34,"column":12}},"loc":{"start":{"line":34,"column":22},"end":{"line":42,"column":3}},"line":34},"2":{"name":"(anonymous_2)","decl":{"start":{"line":45,"column":8},"end":{"line":45,"column":9}},"loc":{"start":{"line":45,"column":26},"end":{"line":53,"column":3}},"line":45},"3":{"name":"(anonymous_3)","decl":{"start":{"line":56,"column":13},"end":{"line":56,"column":14}},"loc":{"start":{"line":56,"column":48},"end":{"line":70,"column":3}},"line":56},"4":{"name":"(anonymous_4)","decl":{"start":{"line":73,"column":12},"end":{"line":73,"column":13}},"loc":{"start":{"line":73,"column":25},"end":{"line":75,"column":3}},"line":73},"5":{"name":"(anonymous_5)","decl":{"start":{"line":78,"column":8},"end":{"line":78,"column":9}},"loc":{"start":{"line":78,"column":26},"end":{"line":86,"column":3}},"line":78},"6":{"name":"(anonymous_6)","decl":{"start":{"line":89,"column":10},"end":{"line":89,"column":11}},"loc":{"start":{"line":89,"column":45},"end":{"line":99,"column":3}},"line":89},"7":{"name":"(anonymous_7)","decl":{"start":{"line":102,"column":8},"end":{"line":102,"column":9}},"loc":{"start":{"line":102,"column":58},"end":{"line":115,"column":3}},"line":102},"8":{"name":"(anonymous_8)","decl":{"start":{"line":118,"column":12},"end":{"line":118,"column":13}},"loc":{"start":{"line":118,"column":50},"end":{"line":165,"column":3}},"line":118},"9":{"name":"(anonymous_9)","decl":{"start":{"line":168,"column":7},"end":{"line":168,"column":8}},"loc":{"start":{"line":168,"column":46},"end":{"line":184,"column":3}},"line":168},"10":{"name":"(anonymous_10)","decl":{"start":{"line":187,"column":7},"end":{"line":187,"column":8}},"loc":{"start":{"line":187,"column":20},"end":{"line":227,"column":3}},"line":187}},"branchMap":{"0":{"loc":{"start":{"line":3,"column":17},"end":{"line":3,"column":25}},"type":"default-arg","locations":[{"start":{"line":3,"column":24},"end":{"line":3,"column":25}}],"line":3},"1":{"loc":{"start":{"line":6,"column":6},"end":{"line":8,"column":45}},"type":"cond-expr","locations":[{"start":{"line":7,"column":10},"end":{"line":7,"column":41}},{"start":{"line":8,"column":10},"end":{"line":8,"column":45}}],"line":6},"2":{"loc":{"start":{"line":15,"column":6},"end":{"line":25,"column":7}},"type":"if","locations":[{"start":{"line":15,"column":6},"end":{"line":25,"column":7}},{"start":{"line":20,"column":13},"end":{"line":25,"column":7}}],"line":15},"3":{"loc":{"start":{"line":15,"column":10},"end":{"line":15,"column":57}},"type":"binary-expr","locations":[{"start":{"line":15,"column":10},"end":{"line":15,"column":28}},{"start":{"line":15,"column":32},"end":{"line":15,"column":57}}],"line":15},"4":{"loc":{"start":{"line":37,"column":6},"end":{"line":39,"column":7}},"type":"if","locations":[{"start":{"line":37,"column":6},"end":{"line":39,"column":7}},{"start":{},"end":{}}],"line":37},"5":{"loc":{"start":{"line":45,"column":16},"end":{"line":45,"column":21}},"type":"default-arg","locations":[{"start":{"line":45,"column":20},"end":{"line":45,"column":21}}],"line":45},"6":{"loc":{"start":{"line":56,"column":21},"end":{"line":56,"column":43}},"type":"default-arg","locations":[{"start":{"line":56,"column":33},"end":{"line":56,"column":43}}],"line":56},"7":{"loc":{"start":{"line":58,"column":4},"end":{"line":67,"column":5}},"type":"if","locations":[{"start":{"line":58,"column":4},"end":{"line":67,"column":5}},{"start":{},"end":{}}],"line":58},"8":{"loc":{"start":{"line":60,"column":8},"end":{"line":65,"column":9}},"type":"if","locations":[{"start":{"line":60,"column":8},"end":{"line":65,"column":9}},{"start":{},"end":{}}],"line":60},"9":{"loc":{"start":{"line":78,"column":16},"end":{"line":78,"column":21}},"type":"default-arg","locations":[{"start":{"line":78,"column":20},"end":{"line":78,"column":21}}],"line":78},"10":{"loc":{"start":{"line":82,"column":6},"end":{"line":82,"column":52}},"type":"if","locations":[{"start":{"line":82,"column":6},"end":{"line":82,"column":52}},{"start":{},"end":{}}],"line":82},"11":{"loc":{"start":{"line":89,"column":18},"end":{"line":89,"column":40}},"type":"default-arg","locations":[{"start":{"line":89,"column":30},"end":{"line":89,"column":40}}],"line":89},"12":{"loc":{"start":{"line":92,"column":4},"end":{"line":96,"column":5}},"type":"if","locations":[{"start":{"line":92,"column":4},"end":{"line":96,"column":5}},{"start":{},"end":{}}],"line":92},"13":{"loc":{"start":{"line":94,"column":8},"end":{"line":94,"column":65}},"type":"if","locations":[{"start":{"line":94,"column":8},"end":{"line":94,"column":65}},{"start":{},"end":{}}],"line":94},"14":{"loc":{"start":{"line":102,"column":16},"end":{"line":102,"column":38}},"type":"default-arg","locations":[{"start":{"line":102,"column":28},"end":{"line":102,"column":38}}],"line":102},"15":{"loc":{"start":{"line":102,"column":40},"end":{"line":102,"column":53}},"type":"default-arg","locations":[{"start":{"line":102,"column":52},"end":{"line":102,"column":53}}],"line":102},"16":{"loc":{"start":{"line":105,"column":4},"end":{"line":112,"column":5}},"type":"if","locations":[{"start":{"line":105,"column":4},"end":{"line":112,"column":5}},{"start":{},"end":{}}],"line":105},"17":{"loc":{"start":{"line":107,"column":8},"end":{"line":110,"column":9}},"type":"if","locations":[{"start":{"line":107,"column":8},"end":{"line":110,"column":9}},{"start":{},"end":{}}],"line":107},"18":{"loc":{"start":{"line":118,"column":32},"end":{"line":118,"column":45}},"type":"default-arg","locations":[{"start":{"line":118,"column":44},"end":{"line":118,"column":45}}],"line":118},"19":{"loc":{"start":{"line":119,"column":4},"end":{"line":164,"column":5}},"type":"if","locations":[{"start":{"line":119,"column":4},"end":{"line":164,"column":5}},{"start":{"line":137,"column":11},"end":{"line":164,"column":5}}],"line":119},"20":{"loc":{"start":{"line":119,"column":8},"end":{"line":119,"column":61}},"type":"binary-expr","locations":[{"start":{"line":119,"column":8},"end":{"line":119,"column":38}},{"start":{"line":119,"column":42},"end":{"line":119,"column":61}}],"line":119},"21":{"loc":{"start":{"line":123,"column":8},"end":{"line":133,"column":9}},"type":"if","locations":[{"start":{"line":123,"column":8},"end":{"line":133,"column":9}},{"start":{},"end":{}}],"line":123},"22":{"loc":{"start":{"line":130,"column":10},"end":{"line":132,"column":11}},"type":"if","locations":[{"start":{"line":130,"column":10},"end":{"line":132,"column":11}},{"start":{},"end":{}}],"line":130},"23":{"loc":{"start":{"line":137,"column":11},"end":{"line":164,"column":5}},"type":"if","locations":[{"start":{"line":137,"column":11},"end":{"line":164,"column":5}},{"start":{"line":147,"column":11},"end":{"line":164,"column":5}}],"line":137},"24":{"loc":{"start":{"line":137,"column":15},"end":{"line":137,"column":65}},"type":"binary-expr","locations":[{"start":{"line":137,"column":15},"end":{"line":137,"column":42}},{"start":{"line":137,"column":46},"end":{"line":137,"column":65}}],"line":137},"25":{"loc":{"start":{"line":141,"column":8},"end":{"line":143,"column":9}},"type":"if","locations":[{"start":{"line":141,"column":8},"end":{"line":143,"column":9}},{"start":{},"end":{}}],"line":141},"26":{"loc":{"start":{"line":147,"column":11},"end":{"line":164,"column":5}},"type":"if","locations":[{"start":{"line":147,"column":11},"end":{"line":164,"column":5}},{"start":{"line":162,"column":11},"end":{"line":164,"column":5}}],"line":147},"27":{"loc":{"start":{"line":148,"column":6},"end":{"line":150,"column":25}},"type":"binary-expr","locations":[{"start":{"line":148,"column":6},"end":{"line":148,"column":36}},{"start":{"line":149,"column":6},"end":{"line":149,"column":25}},{"start":{"line":150,"column":6},"end":{"line":150,"column":25}}],"line":148},"28":{"loc":{"start":{"line":156,"column":8},"end":{"line":158,"column":9}},"type":"if","locations":[{"start":{"line":156,"column":8},"end":{"line":158,"column":9}},{"start":{},"end":{}}],"line":156},"29":{"loc":{"start":{"line":168,"column":20},"end":{"line":168,"column":41}},"type":"default-arg","locations":[{"start":{"line":168,"column":31},"end":{"line":168,"column":41}}],"line":168},"30":{"loc":{"start":{"line":171,"column":4},"end":{"line":181,"column":5}},"type":"if","locations":[{"start":{"line":171,"column":4},"end":{"line":181,"column":5}},{"start":{"line":175,"column":11},"end":{"line":181,"column":5}}],"line":171},"31":{"loc":{"start":{"line":175,"column":11},"end":{"line":181,"column":5}},"type":"if","locations":[{"start":{"line":175,"column":11},"end":{"line":181,"column":5}},{"start":{},"end":{}}],"line":175},"32":{"loc":{"start":{"line":175,"column":15},"end":{"line":175,"column":67}},"type":"binary-expr","locations":[{"start":{"line":175,"column":15},"end":{"line":175,"column":44}},{"start":{"line":175,"column":48},"end":{"line":175,"column":67}}],"line":175},"33":{"loc":{"start":{"line":200,"column":8},"end":{"line":204,"column":9}},"type":"if","locations":[{"start":{"line":200,"column":8},"end":{"line":204,"column":9}},{"start":{},"end":{}}],"line":200},"34":{"loc":{"start":{"line":216,"column":8},"end":{"line":220,"column":9}},"type":"if","locations":[{"start":{"line":216,"column":8},"end":{"line":220,"column":9}},{"start":{"line":218,"column":15},"end":{"line":220,"column":9}}],"line":216}},"s":{"0":10,"1":8,"2":8,"3":8,"4":8,"5":8,"6":23,"7":23,"8":4,"9":4,"10":6,"11":6,"12":19,"13":19,"14":30,"15":30,"16":23,"17":8,"18":3,"19":3,"20":3,"21":32,"22":22,"23":3,"24":7,"25":7,"26":7,"27":31,"28":7,"29":11,"30":11,"31":11,"32":11,"33":54,"34":9,"35":9,"36":34,"37":9,"38":11,"39":16,"40":5,"41":5,"42":5,"43":10,"44":8,"45":5,"46":5,"47":5,"48":5,"49":5,"50":31,"51":16,"52":5,"53":6,"54":6,"55":6,"56":14,"57":5,"58":5,"59":6,"60":8,"61":2,"62":2,"63":2,"64":26,"65":4,"66":4,"67":4,"68":26,"69":4,"70":1,"71":2,"72":6,"73":3,"74":3,"75":3,"76":7,"77":1,"78":3,"79":3,"80":2,"81":2,"82":2,"83":2,"84":4,"85":1,"86":2,"87":1,"88":7,"89":7,"90":5,"91":5,"92":15,"93":2,"94":2,"95":2,"96":2,"97":6,"98":7,"99":5,"100":5,"101":5,"102":5,"103":15,"104":5,"105":5,"106":15,"107":15,"108":15,"109":3,"110":3,"111":3,"112":5,"113":5,"114":5,"115":5,"116":15,"117":15,"118":15,"119":45,"120":35,"121":10,"122":15,"123":15,"124":5,"125":10},"f":{"0":8,"1":3,"2":7,"3":11,"4":16,"5":5,"6":5,"7":6,"8":8,"9":7,"10":5},"b":{"0":[1],"1":[4,4],"2":[4,19],"3":[23,8],"4":[22,10],"5":[1],"6":[1],"7":[11,0],"8":[9,45],"9":[1],"10":[8,2],"11":[1],"12":[5,0],"13":[16,15],"14":[1],"15":[6],"16":[6,0],"17":[5,9],"18":[7],"19":[2,6],"20":[8,2],"21":[4,22],"22":[1,3],"23":[3,3],"24":[6,4],"25":[1,6],"26":[2,1],"27":[3,3,3],"28":[1,3],"29":[1],"30":[5,2],"31":[2,0],"32":[2,2],"33":[3,12],"34":[35,10]},"_coverageSchema":"1a1c01bbd47fc00a2c39e90264f33305004495a9","hash":"4357f7c951d339f495f3f34fbd41eed0a2d8e9b0"}
}
