{"C:\\Users\\user\\Desktop\\khakimbekerkinboev-JSFEEN2022\\methods\\lodash.js": {"path":"C:\\Users\\user\\Desktop\\khakimbekerkinboev-JSFEEN2022\\methods\\lodash.js","statementMap":{"0":{"start":{"line":1,"column":10},"end":{"line":76,"column":1}},"1":{"start":{"line":4,"column":17},"end":{"line":4,"column":19}},"2":{"start":{"line":6,"column":6},"end":{"line":8,"column":45}},"3":{"start":{"line":10,"column":16},"end":{"line":10,"column":17}},"4":{"start":{"line":12,"column":4},"end":{"line":28,"column":5}},"5":{"start":{"line":12,"column":17},"end":{"line":12,"column":18}},"6":{"start":{"line":13,"column":21},"end":{"line":13,"column":23}},"7":{"start":{"line":15,"column":6},"end":{"line":25,"column":7}},"8":{"start":{"line":16,"column":8},"end":{"line":19,"column":9}},"9":{"start":{"line":16,"column":21},"end":{"line":16,"column":22}},"10":{"start":{"line":17,"column":10},"end":{"line":17,"column":46}},"11":{"start":{"line":18,"column":10},"end":{"line":18,"column":17}},"12":{"start":{"line":21,"column":8},"end":{"line":24,"column":9}},"13":{"start":{"line":21,"column":21},"end":{"line":21,"column":22}},"14":{"start":{"line":22,"column":10},"end":{"line":22,"column":46}},"15":{"start":{"line":23,"column":10},"end":{"line":23,"column":17}},"16":{"start":{"line":27,"column":6},"end":{"line":27,"column":36}},"17":{"start":{"line":30,"column":4},"end":{"line":30,"column":17}},"18":{"start":{"line":35,"column":17},"end":{"line":35,"column":19}},"19":{"start":{"line":36,"column":4},"end":{"line":40,"column":5}},"20":{"start":{"line":36,"column":17},"end":{"line":36,"column":18}},"21":{"start":{"line":37,"column":6},"end":{"line":39,"column":7}},"22":{"start":{"line":38,"column":8},"end":{"line":38,"column":40}},"23":{"start":{"line":41,"column":4},"end":{"line":41,"column":17}},"24":{"start":{"line":46,"column":17},"end":{"line":46,"column":19}},"25":{"start":{"line":48,"column":4},"end":{"line":50,"column":5}},"26":{"start":{"line":48,"column":17},"end":{"line":48,"column":18}},"27":{"start":{"line":49,"column":6},"end":{"line":49,"column":38}},"28":{"start":{"line":52,"column":4},"end":{"line":52,"column":17}},"29":{"start":{"line":57,"column":17},"end":{"line":57,"column":19}},"30":{"start":{"line":58,"column":4},"end":{"line":67,"column":5}},"31":{"start":{"line":59,"column":6},"end":{"line":66,"column":7}},"32":{"start":{"line":59,"column":19},"end":{"line":59,"column":20}},"33":{"start":{"line":60,"column":8},"end":{"line":65,"column":9}},"34":{"start":{"line":61,"column":10},"end":{"line":63,"column":11}},"35":{"start":{"line":61,"column":23},"end":{"line":61,"column":24}},"36":{"start":{"line":62,"column":12},"end":{"line":62,"column":44}},"37":{"start":{"line":64,"column":10},"end":{"line":64,"column":15}},"38":{"start":{"line":69,"column":4},"end":{"line":69,"column":17}},"39":{"start":{"line":74,"column":4},"end":{"line":74,"column":18}},"40":{"start":{"line":77,"column":0},"end":{"line":77,"column":26}},"41":{"start":{"line":78,"column":0},"end":{"line":78,"column":18}}},"fnMap":{"0":{"name":"(anonymous_0)","decl":{"start":{"line":3,"column":9},"end":{"line":3,"column":10}},"loc":{"start":{"line":3,"column":30},"end":{"line":31,"column":3}},"line":3},"1":{"name":"(anonymous_1)","decl":{"start":{"line":34,"column":11},"end":{"line":34,"column":12}},"loc":{"start":{"line":34,"column":22},"end":{"line":42,"column":3}},"line":34},"2":{"name":"(anonymous_2)","decl":{"start":{"line":45,"column":8},"end":{"line":45,"column":9}},"loc":{"start":{"line":45,"column":26},"end":{"line":53,"column":3}},"line":45},"3":{"name":"(anonymous_3)","decl":{"start":{"line":56,"column":13},"end":{"line":56,"column":14}},"loc":{"start":{"line":56,"column":48},"end":{"line":70,"column":3}},"line":56},"4":{"name":"(anonymous_4)","decl":{"start":{"line":73,"column":12},"end":{"line":73,"column":13}},"loc":{"start":{"line":73,"column":25},"end":{"line":75,"column":3}},"line":73}},"branchMap":{"0":{"loc":{"start":{"line":3,"column":17},"end":{"line":3,"column":25}},"type":"default-arg","locations":[{"start":{"line":3,"column":24},"end":{"line":3,"column":25}}],"line":3},"1":{"loc":{"start":{"line":6,"column":6},"end":{"line":8,"column":45}},"type":"cond-expr","locations":[{"start":{"line":7,"column":10},"end":{"line":7,"column":41}},{"start":{"line":8,"column":10},"end":{"line":8,"column":45}}],"line":6},"2":{"loc":{"start":{"line":15,"column":6},"end":{"line":25,"column":7}},"type":"if","locations":[{"start":{"line":15,"column":6},"end":{"line":25,"column":7}},{"start":{"line":20,"column":13},"end":{"line":25,"column":7}}],"line":15},"3":{"loc":{"start":{"line":15,"column":10},"end":{"line":15,"column":57}},"type":"binary-expr","locations":[{"start":{"line":15,"column":10},"end":{"line":15,"column":28}},{"start":{"line":15,"column":32},"end":{"line":15,"column":57}}],"line":15},"4":{"loc":{"start":{"line":37,"column":6},"end":{"line":39,"column":7}},"type":"if","locations":[{"start":{"line":37,"column":6},"end":{"line":39,"column":7}},{"start":{},"end":{}}],"line":37},"5":{"loc":{"start":{"line":45,"column":16},"end":{"line":45,"column":21}},"type":"default-arg","locations":[{"start":{"line":45,"column":20},"end":{"line":45,"column":21}}],"line":45},"6":{"loc":{"start":{"line":56,"column":21},"end":{"line":56,"column":43}},"type":"default-arg","locations":[{"start":{"line":56,"column":33},"end":{"line":56,"column":43}}],"line":56},"7":{"loc":{"start":{"line":58,"column":4},"end":{"line":67,"column":5}},"type":"if","locations":[{"start":{"line":58,"column":4},"end":{"line":67,"column":5}},{"start":{},"end":{}}],"line":58},"8":{"loc":{"start":{"line":60,"column":8},"end":{"line":65,"column":9}},"type":"if","locations":[{"start":{"line":60,"column":8},"end":{"line":65,"column":9}},{"start":{},"end":{}}],"line":60}},"s":{"0":4,"1":8,"2":8,"3":8,"4":8,"5":8,"6":23,"7":23,"8":4,"9":4,"10":6,"11":6,"12":19,"13":19,"14":30,"15":30,"16":23,"17":8,"18":3,"19":3,"20":3,"21":32,"22":22,"23":3,"24":7,"25":7,"26":7,"27":31,"28":7,"29":7,"30":7,"31":3,"32":3,"33":13,"34":2,"35":2,"36":5,"37":2,"38":7,"39":7,"40":4,"41":4},"f":{"0":8,"1":3,"2":7,"3":7,"4":7},"b":{"0":[1],"1":[4,4],"2":[4,19],"3":[23,8],"4":[22,10],"5":[1],"6":[5],"7":[3,4],"8":[2,11]},"_coverageSchema":"1a1c01bbd47fc00a2c39e90264f33305004495a9","hash":"d15d0c35c1c80c248044bf775e5c84fefd0f1e73"}
}
