TN:
SF:methods\lodash.js
FN:3,(anonymous_0)
FN:34,(anonymous_1)
FN:45,(anonymous_2)
FN:56,(anonymous_3)
FN:73,(anonymous_4)
FN:78,(anonymous_5)
FN:89,(anonymous_6)
FN:102,(anonymous_7)
FN:118,(anonymous_8)
FN:168,(anonymous_9)
FN:187,(anonymous_10)
FNF:11
FNH:11
FNDA:8,(anonymous_0)
FNDA:3,(anonymous_1)
FNDA:7,(anonymous_2)
FNDA:11,(anonymous_3)
FNDA:16,(anonymous_4)
FNDA:5,(anonymous_5)
FNDA:5,(anonymous_6)
FNDA:6,(anonymous_7)
FNDA:8,(anonymous_8)
FNDA:7,(anonymous_9)
FNDA:5,(anonymous_10)
DA:1,10
DA:4,8
DA:6,8
DA:10,8
DA:12,8
DA:13,23
DA:15,23
DA:16,4
DA:17,6
DA:18,6
DA:21,19
DA:22,30
DA:23,30
DA:27,23
DA:30,8
DA:35,3
DA:36,3
DA:37,32
DA:38,22
DA:41,3
DA:46,7
DA:48,7
DA:49,31
DA:52,7
DA:57,11
DA:58,11
DA:59,11
DA:60,54
DA:61,9
DA:62,34
DA:64,9
DA:69,11
DA:74,16
DA:79,5
DA:81,5
DA:82,10
DA:85,5
DA:90,5
DA:92,5
DA:93,5
DA:94,31
DA:98,5
DA:105,6
DA:106,6
DA:107,14
DA:108,5
DA:109,5
DA:114,6
DA:119,8
DA:120,2
DA:122,2
DA:123,26
DA:124,4
DA:126,4
DA:127,26
DA:130,4
DA:131,1
DA:136,2
DA:137,6
DA:138,3
DA:140,3
DA:141,7
DA:142,1
DA:146,3
DA:147,3
DA:152,2
DA:153,2
DA:155,2
DA:156,4
DA:157,1
DA:161,2
DA:163,1
DA:169,7
DA:171,7
DA:172,5
DA:173,15
DA:175,2
DA:176,2
DA:178,2
DA:179,6
DA:183,7
DA:189,5
DA:192,5
DA:193,5
DA:194,15
DA:198,5
DA:199,15
DA:200,15
DA:201,3
DA:202,3
DA:203,3
DA:209,5
DA:212,5
DA:213,5
DA:214,15
DA:215,15
DA:216,45
DA:217,35
DA:219,10
DA:222,15
DA:223,15
DA:226,5
DA:232,10
LF:103
LH:103
BRDA:3,0,0,1
BRDA:6,1,0,4
BRDA:6,1,1,4
BRDA:15,2,0,4
BRDA:15,2,1,19
BRDA:15,3,0,23
BRDA:15,3,1,8
BRDA:37,4,0,22
BRDA:37,4,1,10
BRDA:45,5,0,1
BRDA:56,6,0,1
BRDA:58,7,0,11
BRDA:58,7,1,0
BRDA:60,8,0,9
BRDA:60,8,1,45
BRDA:78,9,0,1
BRDA:82,10,0,8
BRDA:82,10,1,2
BRDA:89,11,0,1
BRDA:92,12,0,5
BRDA:92,12,1,0
BRDA:94,13,0,16
BRDA:94,13,1,15
BRDA:102,14,0,1
BRDA:102,15,0,6
BRDA:105,16,0,6
BRDA:105,16,1,0
BRDA:107,17,0,5
BRDA:107,17,1,9
BRDA:118,18,0,7
BRDA:119,19,0,2
BRDA:119,19,1,6
BRDA:119,20,0,8
BRDA:119,20,1,2
BRDA:123,21,0,4
BRDA:123,21,1,22
BRDA:130,22,0,1
BRDA:130,22,1,3
BRDA:137,23,0,3
BRDA:137,23,1,3
BRDA:137,24,0,6
BRDA:137,24,1,4
BRDA:141,25,0,1
BRDA:141,25,1,6
BRDA:147,26,0,2
BRDA:147,26,1,1
BRDA:148,27,0,3
BRDA:148,27,1,3
BRDA:148,27,2,3
BRDA:156,28,0,1
BRDA:156,28,1,3
BRDA:168,29,0,1
BRDA:171,30,0,5
BRDA:171,30,1,2
BRDA:175,31,0,2
BRDA:175,31,1,0
BRDA:175,32,0,2
BRDA:175,32,1,2
BRDA:200,33,0,3
BRDA:200,33,1,12
BRDA:216,34,0,35
BRDA:216,34,1,10
BRF:62
BRH:58
end_of_record
