TN:
SF:methods\lodash.js
FN:3,(anonymous_0)
FN:34,(anonymous_1)
FN:45,(anonymous_2)
FN:56,(anonymous_3)
FN:73,(anonymous_4)
FNF:5
FNH:5
FNDA:8,(anonymous_0)
FNDA:3,(anonymous_1)
FNDA:7,(anonymous_2)
FNDA:7,(anonymous_3)
FNDA:7,(anonymous_4)
DA:1,4
DA:4,8
DA:6,8
DA:10,8
DA:12,8
DA:13,23
DA:15,23
DA:16,4
DA:17,6
DA:18,6
DA:21,19
DA:22,30
DA:23,30
DA:27,23
DA:30,8
DA:35,3
DA:36,3
DA:37,32
DA:38,22
DA:41,3
DA:46,7
DA:48,7
DA:49,31
DA:52,7
DA:57,7
DA:58,7
DA:59,3
DA:60,13
DA:61,2
DA:62,5
DA:64,2
DA:69,7
DA:74,7
DA:77,4
DA:78,4
LF:35
LH:35
BRDA:3,0,0,1
BRDA:6,1,0,4
BRDA:6,1,1,4
BRDA:15,2,0,4
BRDA:15,2,1,19
BRDA:15,3,0,23
BRDA:15,3,1,8
BRDA:37,4,0,22
BRDA:37,4,1,10
BRDA:45,5,0,1
BRDA:56,6,0,5
BRDA:58,7,0,3
BRDA:58,7,1,4
BRDA:60,8,0,2
BRDA:60,8,1,11
BRF:15
BRH:15
end_of_record
